<?xml version="1.0" encoding="UTF-8"?>
<testng-results ignored="0" total="22" passed="22" failed="0" skipped="0">
  <reporter-output>
  </reporter-output>
  <suite started-at="2023-04-20T19:48:46 PDT" name="Default suite" finished-at="2023-04-20T19:49:52 PDT" duration-ms="65495">
    <groups>
      <group name="cucumber">
        <method signature="AbstractTestNGCucumberTests.runScenario(io.cucumber.testng.PickleWrapper,io.cucumber.testng.FeatureWrapper)[pri:0, instance:testrunner.runner@4c2bb6e0]" name="runScenario" class="io.cucumber.testng.AbstractTestNGCucumberTests"/>
      </group> <!-- cucumber -->
    </groups>
    <test started-at="2023-04-20T19:48:46 PDT" name="Default test" finished-at="2023-04-20T19:49:52 PDT" duration-ms="65495">
      <class name="testrunner.runner">
        <test-method is-config="true" signature="setUpClass(org.testng.ITestContext)[pri:0, instance:testrunner.runner@4c2bb6e0]" started-at="2023-04-20T19:48:46 PDT" name="setUpClass" finished-at="2023-04-20T19:48:47 PDT" duration-ms="1031" status="PASS">
          <params>
            <param index="0">
              <value>
                <![CDATA[org.testng.TestRunner@3211cc84]]>
              </value>
            </param>
          </params>
          <reporter-output>
          </reporter-output>
        </test-method> <!-- setUpClass -->
        <test-method signature="runScenario(io.cucumber.testng.PickleWrapper,io.cucumber.testng.FeatureWrapper)[pri:0, instance:testrunner.runner@4c2bb6e0]" started-at="2023-04-20T19:48:47 PDT" name="runScenario" description="Runs Cucumber Scenarios" data-provider="scenarios" finished-at="2023-04-20T19:48:56 PDT" duration-ms="8714" status="PASS">
          <params>
            <param index="0">
              <value>
                <![CDATA["User is on Home page and click on Get Started button of one module without sign in"]]>
              </value>
            </param>
            <param index="1">
              <value>
                <![CDATA["Homepage feature"]]>
              </value>
            </param>
          </params>
          <reporter-output>
          </reporter-output>
        </test-method> <!-- runScenario -->
        <test-method signature="runScenario(io.cucumber.testng.PickleWrapper,io.cucumber.testng.FeatureWrapper)[pri:0, instance:testrunner.runner@4c2bb6e0]" started-at="2023-04-20T19:48:56 PDT" name="runScenario" description="Runs Cucumber Scenarios" data-provider="scenarios" finished-at="2023-04-20T19:48:57 PDT" duration-ms="1115" status="PASS">
          <params>
            <param index="0">
              <value>
                <![CDATA["User is on home page and clicking on Data Structures dropdown menu"]]>
              </value>
            </param>
            <param index="1">
              <value>
                <![CDATA["Homepage feature"]]>
              </value>
            </param>
          </params>
          <reporter-output>
          </reporter-output>
        </test-method> <!-- runScenario -->
        <test-method signature="runScenario(io.cucumber.testng.PickleWrapper,io.cucumber.testng.FeatureWrapper)[pri:0, instance:testrunner.runner@4c2bb6e0]" started-at="2023-04-20T19:48:57 PDT" name="runScenario" description="Runs Cucumber Scenarios" data-provider="scenarios" finished-at="2023-04-20T19:48:58 PDT" duration-ms="673" status="PASS">
          <params>
            <param index="0">
              <value>
                <![CDATA["User click Data Structures dropdown menu and select Arrays"]]>
              </value>
            </param>
            <param index="1">
              <value>
                <![CDATA["Homepage feature"]]>
              </value>
            </param>
          </params>
          <reporter-output>
          </reporter-output>
        </test-method> <!-- runScenario -->
        <test-method signature="runScenario(io.cucumber.testng.PickleWrapper,io.cucumber.testng.FeatureWrapper)[pri:0, instance:testrunner.runner@4c2bb6e0]" started-at="2023-04-20T19:48:58 PDT" name="runScenario" description="Runs Cucumber Scenarios" data-provider="scenarios" finished-at="2023-04-20T19:48:58 PDT" duration-ms="413" status="PASS">
          <params>
            <param index="0">
              <value>
                <![CDATA["User clicks on Register link in home page"]]>
              </value>
            </param>
            <param index="1">
              <value>
                <![CDATA["Homepage feature"]]>
              </value>
            </param>
          </params>
          <reporter-output>
          </reporter-output>
        </test-method> <!-- runScenario -->
        <test-method signature="runScenario(io.cucumber.testng.PickleWrapper,io.cucumber.testng.FeatureWrapper)[pri:0, instance:testrunner.runner@4c2bb6e0]" started-at="2023-04-20T19:48:58 PDT" name="runScenario" description="Runs Cucumber Scenarios" data-provider="scenarios" finished-at="2023-04-20T19:48:59 PDT" duration-ms="374" status="PASS">
          <params>
            <param index="0">
              <value>
                <![CDATA["User clicks on Sign in link in home page"]]>
              </value>
            </param>
            <param index="1">
              <value>
                <![CDATA["Homepage feature"]]>
              </value>
            </param>
          </params>
          <reporter-output>
          </reporter-output>
        </test-method> <!-- runScenario -->
        <test-method signature="runScenario(io.cucumber.testng.PickleWrapper,io.cucumber.testng.FeatureWrapper)[pri:0, instance:testrunner.runner@4c2bb6e0]" started-at="2023-04-20T19:48:59 PDT" name="runScenario" description="Runs Cucumber Scenarios" data-provider="scenarios" finished-at="2023-04-20T19:49:03 PDT" duration-ms="4311" status="PASS">
          <params>
            <param index="0">
              <value>
                <![CDATA["Register scenario with different set of data"]]>
              </value>
            </param>
            <param index="1">
              <value>
                <![CDATA["Register feature with ExcelSheet Handling"]]>
              </value>
            </param>
          </params>
          <reporter-output>
          </reporter-output>
        </test-method> <!-- runScenario -->
        <test-method signature="runScenario(io.cucumber.testng.PickleWrapper,io.cucumber.testng.FeatureWrapper)[pri:0, instance:testrunner.runner@4c2bb6e0]" started-at="2023-04-20T19:49:03 PDT" name="runScenario" description="Runs Cucumber Scenarios" data-provider="scenarios" finished-at="2023-04-20T19:49:06 PDT" duration-ms="2977" status="PASS">
          <params>
            <param index="0">
              <value>
                <![CDATA["Register scenario with different set of data"]]>
              </value>
            </param>
            <param index="1">
              <value>
                <![CDATA["Register feature with ExcelSheet Handling"]]>
              </value>
            </param>
          </params>
          <reporter-output>
          </reporter-output>
        </test-method> <!-- runScenario -->
        <test-method signature="runScenario(io.cucumber.testng.PickleWrapper,io.cucumber.testng.FeatureWrapper)[pri:0, instance:testrunner.runner@4c2bb6e0]" started-at="2023-04-20T19:49:06 PDT" name="runScenario" description="Runs Cucumber Scenarios" data-provider="scenarios" finished-at="2023-04-20T19:49:09 PDT" duration-ms="2917" status="PASS">
          <params>
            <param index="0">
              <value>
                <![CDATA["Register scenario with different set of data"]]>
              </value>
            </param>
            <param index="1">
              <value>
                <![CDATA["Register feature with ExcelSheet Handling"]]>
              </value>
            </param>
          </params>
          <reporter-output>
          </reporter-output>
        </test-method> <!-- runScenario -->
        <test-method signature="runScenario(io.cucumber.testng.PickleWrapper,io.cucumber.testng.FeatureWrapper)[pri:0, instance:testrunner.runner@4c2bb6e0]" started-at="2023-04-20T19:49:09 PDT" name="runScenario" description="Runs Cucumber Scenarios" data-provider="scenarios" finished-at="2023-04-20T19:49:12 PDT" duration-ms="3087" status="PASS">
          <params>
            <param index="0">
              <value>
                <![CDATA["Register scenario with different set of data"]]>
              </value>
            </param>
            <param index="1">
              <value>
                <![CDATA["Register feature with ExcelSheet Handling"]]>
              </value>
            </param>
          </params>
          <reporter-output>
          </reporter-output>
        </test-method> <!-- runScenario -->
        <test-method signature="runScenario(io.cucumber.testng.PickleWrapper,io.cucumber.testng.FeatureWrapper)[pri:0, instance:testrunner.runner@4c2bb6e0]" started-at="2023-04-20T19:49:12 PDT" name="runScenario" description="Runs Cucumber Scenarios" data-provider="scenarios" finished-at="2023-04-20T19:49:16 PDT" duration-ms="3664" status="PASS">
          <params>
            <param index="0">
              <value>
                <![CDATA["Register scenario with different set of data"]]>
              </value>
            </param>
            <param index="1">
              <value>
                <![CDATA["Register feature with ExcelSheet Handling"]]>
              </value>
            </param>
          </params>
          <reporter-output>
          </reporter-output>
        </test-method> <!-- runScenario -->
        <test-method signature="runScenario(io.cucumber.testng.PickleWrapper,io.cucumber.testng.FeatureWrapper)[pri:0, instance:testrunner.runner@4c2bb6e0]" started-at="2023-04-20T19:49:16 PDT" name="runScenario" description="Runs Cucumber Scenarios" data-provider="scenarios" finished-at="2023-04-20T19:49:19 PDT" duration-ms="3371" status="PASS">
          <params>
            <param index="0">
              <value>
                <![CDATA["Register scenario with different set of data"]]>
              </value>
            </param>
            <param index="1">
              <value>
                <![CDATA["Register feature with ExcelSheet Handling"]]>
              </value>
            </param>
          </params>
          <reporter-output>
          </reporter-output>
        </test-method> <!-- runScenario -->
        <test-method signature="runScenario(io.cucumber.testng.PickleWrapper,io.cucumber.testng.FeatureWrapper)[pri:0, instance:testrunner.runner@4c2bb6e0]" started-at="2023-04-20T19:49:19 PDT" name="runScenario" description="Runs Cucumber Scenarios" data-provider="scenarios" finished-at="2023-04-20T19:49:22 PDT" duration-ms="2727" status="PASS">
          <params>
            <param index="0">
              <value>
                <![CDATA["Register scenario handling with some empty textbox fields"]]>
              </value>
            </param>
            <param index="1">
              <value>
                <![CDATA["Register feature with ExcelSheet Handling"]]>
              </value>
            </param>
          </params>
          <reporter-output>
          </reporter-output>
        </test-method> <!-- runScenario -->
        <test-method signature="runScenario(io.cucumber.testng.PickleWrapper,io.cucumber.testng.FeatureWrapper)[pri:0, instance:testrunner.runner@4c2bb6e0]" started-at="2023-04-20T19:49:22 PDT" name="runScenario" description="Runs Cucumber Scenarios" data-provider="scenarios" finished-at="2023-04-20T19:49:24 PDT" duration-ms="2100" status="PASS">
          <params>
            <param index="0">
              <value>
                <![CDATA["Register scenario handling with some empty textbox fields"]]>
              </value>
            </param>
            <param index="1">
              <value>
                <![CDATA["Register feature with ExcelSheet Handling"]]>
              </value>
            </param>
          </params>
          <reporter-output>
          </reporter-output>
        </test-method> <!-- runScenario -->
        <test-method signature="runScenario(io.cucumber.testng.PickleWrapper,io.cucumber.testng.FeatureWrapper)[pri:0, instance:testrunner.runner@4c2bb6e0]" started-at="2023-04-20T19:49:24 PDT" name="runScenario" description="Runs Cucumber Scenarios" data-provider="scenarios" finished-at="2023-04-20T19:49:27 PDT" duration-ms="3511" status="PASS">
          <params>
            <param index="0">
              <value>
                <![CDATA["User validate signin page with invalid credentials"]]>
              </value>
            </param>
            <param index="1">
              <value>
                <![CDATA["Signin feature"]]>
              </value>
            </param>
          </params>
          <reporter-output>
          </reporter-output>
        </test-method> <!-- runScenario -->
        <test-method signature="runScenario(io.cucumber.testng.PickleWrapper,io.cucumber.testng.FeatureWrapper)[pri:0, instance:testrunner.runner@4c2bb6e0]" started-at="2023-04-20T19:49:27 PDT" name="runScenario" description="Runs Cucumber Scenarios" data-provider="scenarios" finished-at="2023-04-20T19:49:31 PDT" duration-ms="3355" status="PASS">
          <params>
            <param index="0">
              <value>
                <![CDATA["User validate signin page with invalid credentials"]]>
              </value>
            </param>
            <param index="1">
              <value>
                <![CDATA["Signin feature"]]>
              </value>
            </param>
          </params>
          <reporter-output>
          </reporter-output>
        </test-method> <!-- runScenario -->
        <test-method signature="runScenario(io.cucumber.testng.PickleWrapper,io.cucumber.testng.FeatureWrapper)[pri:0, instance:testrunner.runner@4c2bb6e0]" started-at="2023-04-20T19:49:31 PDT" name="runScenario" description="Runs Cucumber Scenarios" data-provider="scenarios" finished-at="2023-04-20T19:49:34 PDT" duration-ms="3535" status="PASS">
          <params>
            <param index="0">
              <value>
                <![CDATA["User validate signin page with valid credentials"]]>
              </value>
            </param>
            <param index="1">
              <value>
                <![CDATA["Signin feature"]]>
              </value>
            </param>
          </params>
          <reporter-output>
          </reporter-output>
        </test-method> <!-- runScenario -->
        <test-method signature="runScenario(io.cucumber.testng.PickleWrapper,io.cucumber.testng.FeatureWrapper)[pri:0, instance:testrunner.runner@4c2bb6e0]" started-at="2023-04-20T19:49:34 PDT" name="runScenario" description="Runs Cucumber Scenarios" data-provider="scenarios" finished-at="2023-04-20T19:49:40 PDT" duration-ms="5753" status="PASS">
          <params>
            <param index="0">
              <value>
                <![CDATA["User validate DataStructures-Introduction and Time Complexity page"]]>
              </value>
            </param>
            <param index="1">
              <value>
                <![CDATA["DataStructures Introduction"]]>
              </value>
            </param>
          </params>
          <reporter-output>
          </reporter-output>
        </test-method> <!-- runScenario -->
        <test-method signature="runScenario(io.cucumber.testng.PickleWrapper,io.cucumber.testng.FeatureWrapper)[pri:0, instance:testrunner.runner@4c2bb6e0]" started-at="2023-04-20T19:49:40 PDT" name="runScenario" description="Runs Cucumber Scenarios" data-provider="scenarios" finished-at="2023-04-20T19:49:42 PDT" duration-ms="2424" status="PASS">
          <params>
            <param index="0">
              <value>
                <![CDATA["User validate Time Complexity page with wrong python code"]]>
              </value>
            </param>
            <param index="1">
              <value>
                <![CDATA["DataStructures Introduction"]]>
              </value>
            </param>
          </params>
          <reporter-output>
          </reporter-output>
        </test-method> <!-- runScenario -->
        <test-method signature="runScenario(io.cucumber.testng.PickleWrapper,io.cucumber.testng.FeatureWrapper)[pri:0, instance:testrunner.runner@4c2bb6e0]" started-at="2023-04-20T19:49:42 PDT" name="runScenario" description="Runs Cucumber Scenarios" data-provider="scenarios" finished-at="2023-04-20T19:49:45 PDT" duration-ms="3013" status="PASS">
          <params>
            <param index="0">
              <value>
                <![CDATA["User validate Graph page"]]>
              </value>
            </param>
            <param index="1">
              <value>
                <![CDATA["Graph Feature"]]>
              </value>
            </param>
          </params>
          <reporter-output>
          </reporter-output>
        </test-method> <!-- runScenario -->
        <test-method signature="runScenario(io.cucumber.testng.PickleWrapper,io.cucumber.testng.FeatureWrapper)[pri:0, instance:testrunner.runner@4c2bb6e0]" started-at="2023-04-20T19:49:45 PDT" name="runScenario" description="Runs Cucumber Scenarios" data-provider="scenarios" finished-at="2023-04-20T19:49:47 PDT" duration-ms="1746" status="PASS">
          <params>
            <param index="0">
              <value>
                <![CDATA["User validate Graph page with wrong python code"]]>
              </value>
            </param>
            <param index="1">
              <value>
                <![CDATA["Graph Feature"]]>
              </value>
            </param>
          </params>
          <reporter-output>
          </reporter-output>
        </test-method> <!-- runScenario -->
        <test-method signature="runScenario(io.cucumber.testng.PickleWrapper,io.cucumber.testng.FeatureWrapper)[pri:0, instance:testrunner.runner@4c2bb6e0]" started-at="2023-04-20T19:49:47 PDT" name="runScenario" description="Runs Cucumber Scenarios" data-provider="scenarios" finished-at="2023-04-20T19:49:50 PDT" duration-ms="2431" status="PASS">
          <params>
            <param index="0">
              <value>
                <![CDATA["User validate Graph Representation page"]]>
              </value>
            </param>
            <param index="1">
              <value>
                <![CDATA["Graph Feature"]]>
              </value>
            </param>
          </params>
          <reporter-output>
          </reporter-output>
        </test-method> <!-- runScenario -->
        <test-method signature="runScenario(io.cucumber.testng.PickleWrapper,io.cucumber.testng.FeatureWrapper)[pri:0, instance:testrunner.runner@4c2bb6e0]" started-at="2023-04-20T19:49:50 PDT" name="runScenario" description="Runs Cucumber Scenarios" data-provider="scenarios" finished-at="2023-04-20T19:49:51 PDT" duration-ms="1767" status="PASS">
          <params>
            <param index="0">
              <value>
                <![CDATA["User validate Graph Representation page with wrong python code"]]>
              </value>
            </param>
            <param index="1">
              <value>
                <![CDATA["Graph Feature"]]>
              </value>
            </param>
          </params>
          <reporter-output>
          </reporter-output>
        </test-method> <!-- runScenario -->
        <test-method is-config="true" signature="tearDownClass()[pri:0, instance:testrunner.runner@4c2bb6e0]" started-at="2023-04-20T19:49:51 PDT" name="tearDownClass" finished-at="2023-04-20T19:49:52 PDT" duration-ms="89" status="PASS">
          <reporter-output>
          </reporter-output>
        </test-method> <!-- tearDownClass -->
      </class> <!-- testrunner.runner -->
    </test> <!-- Default test -->
  </suite> <!-- Default suite -->
</testng-results>
