<?xml version="1.0" encoding="UTF-8"?>
<testng-results ignored="0" total="9" passed="8" failed="1" skipped="0">
  <reporter-output>
  </reporter-output>
  <suite started-at="2023-04-23T15:37:28 PDT" name="Default suite" finished-at="2023-04-23T15:38:19 PDT" duration-ms="51085">
    <groups>
      <group name="cucumber">
        <method signature="AbstractTestNGCucumberTests.runScenario(io.cucumber.testng.PickleWrapper,io.cucumber.testng.FeatureWrapper)[pri:0, instance:testrunner.runner@4c2bb6e0]" name="runScenario" class="io.cucumber.testng.AbstractTestNGCucumberTests"/>
      </group> <!-- cucumber -->
    </groups>
    <test started-at="2023-04-23T15:37:28 PDT" name="Default test" finished-at="2023-04-23T15:38:19 PDT" duration-ms="51085">
      <class name="testrunner.runner">
        <test-method is-config="true" signature="setUpClass(org.testng.ITestContext)[pri:0, instance:testrunner.runner@4c2bb6e0]" started-at="2023-04-23T15:37:28 PDT" name="setUpClass" finished-at="2023-04-23T15:37:29 PDT" duration-ms="1318" status="PASS">
          <params>
            <param index="0">
              <value>
                <![CDATA[org.testng.TestRunner@606f0f70]]>
              </value>
            </param>
          </params>
          <reporter-output>
          </reporter-output>
        </test-method> <!-- setUpClass -->
        <test-method signature="runScenario(io.cucumber.testng.PickleWrapper,io.cucumber.testng.FeatureWrapper)[pri:0, instance:testrunner.runner@4c2bb6e0]" started-at="2023-04-23T15:37:29 PDT" name="runScenario" description="Runs Cucumber Scenarios" data-provider="scenarios" finished-at="2023-04-23T15:37:39 PDT" duration-ms="9737" status="PASS">
          <params>
            <param index="0">
              <value>
                <![CDATA["User validate signin page with invalid credentials"]]>
              </value>
            </param>
            <param index="1">
              <value>
                <![CDATA["Signin feature"]]>
              </value>
            </param>
          </params>
          <reporter-output>
          </reporter-output>
        </test-method> <!-- runScenario -->
        <test-method signature="runScenario(io.cucumber.testng.PickleWrapper,io.cucumber.testng.FeatureWrapper)[pri:0, instance:testrunner.runner@4c2bb6e0]" started-at="2023-04-23T15:37:39 PDT" name="runScenario" description="Runs Cucumber Scenarios" data-provider="scenarios" finished-at="2023-04-23T15:37:43 PDT" duration-ms="3992" status="PASS">
          <params>
            <param index="0">
              <value>
                <![CDATA["User validate signin page with invalid credentials"]]>
              </value>
            </param>
            <param index="1">
              <value>
                <![CDATA["Signin feature"]]>
              </value>
            </param>
          </params>
          <reporter-output>
          </reporter-output>
        </test-method> <!-- runScenario -->
        <test-method signature="runScenario(io.cucumber.testng.PickleWrapper,io.cucumber.testng.FeatureWrapper)[pri:0, instance:testrunner.runner@4c2bb6e0]" started-at="2023-04-23T15:37:43 PDT" name="runScenario" description="Runs Cucumber Scenarios" data-provider="scenarios" finished-at="2023-04-23T15:37:47 PDT" duration-ms="4363" status="PASS">
          <params>
            <param index="0">
              <value>
                <![CDATA["User validate signin page with valid credentials"]]>
              </value>
            </param>
            <param index="1">
              <value>
                <![CDATA["Signin feature"]]>
              </value>
            </param>
          </params>
          <reporter-output>
          </reporter-output>
        </test-method> <!-- runScenario -->
        <test-method signature="runScenario(io.cucumber.testng.PickleWrapper,io.cucumber.testng.FeatureWrapper)[pri:0, instance:testrunner.runner@4c2bb6e0]" started-at="2023-04-23T15:37:47 PDT" name="runScenario" description="Runs Cucumber Scenarios" data-provider="scenarios" finished-at="2023-04-23T15:37:54 PDT" duration-ms="6563" status="PASS">
          <params>
            <param index="0">
              <value>
                <![CDATA["User validates Arrays in Python page"]]>
              </value>
            </param>
            <param index="1">
              <value>
                <![CDATA["Array feature"]]>
              </value>
            </param>
          </params>
          <reporter-output>
          </reporter-output>
        </test-method> <!-- runScenario -->
        <test-method signature="runScenario(io.cucumber.testng.PickleWrapper,io.cucumber.testng.FeatureWrapper)[pri:0, instance:testrunner.runner@4c2bb6e0]" started-at="2023-04-23T15:37:54 PDT" name="runScenario" description="Runs Cucumber Scenarios" data-provider="scenarios" finished-at="2023-04-23T15:37:58 PDT" duration-ms="4699" status="PASS">
          <params>
            <param index="0">
              <value>
                <![CDATA["User validates Arrays Using List page"]]>
              </value>
            </param>
            <param index="1">
              <value>
                <![CDATA["Array feature"]]>
              </value>
            </param>
          </params>
          <reporter-output>
          </reporter-output>
        </test-method> <!-- runScenario -->
        <test-method signature="runScenario(io.cucumber.testng.PickleWrapper,io.cucumber.testng.FeatureWrapper)[pri:0, instance:testrunner.runner@4c2bb6e0]" started-at="2023-04-23T15:37:58 PDT" name="runScenario" description="Runs Cucumber Scenarios" data-provider="scenarios" finished-at="2023-04-23T15:38:03 PDT" duration-ms="4840" status="PASS">
          <params>
            <param index="0">
              <value>
                <![CDATA["User validates Basic Operations in Lists page"]]>
              </value>
            </param>
            <param index="1">
              <value>
                <![CDATA["Array feature"]]>
              </value>
            </param>
          </params>
          <reporter-output>
          </reporter-output>
        </test-method> <!-- runScenario -->
        <test-method signature="runScenario(io.cucumber.testng.PickleWrapper,io.cucumber.testng.FeatureWrapper)[pri:0, instance:testrunner.runner@4c2bb6e0]" started-at="2023-04-23T15:38:03 PDT" name="runScenario" description="Runs Cucumber Scenarios" data-provider="scenarios" finished-at="2023-04-23T15:38:08 PDT" duration-ms="4577" status="PASS">
          <params>
            <param index="0">
              <value>
                <![CDATA["User validates Applications of Array page"]]>
              </value>
            </param>
            <param index="1">
              <value>
                <![CDATA["Array feature"]]>
              </value>
            </param>
          </params>
          <reporter-output>
          </reporter-output>
        </test-method> <!-- runScenario -->
        <test-method signature="runScenario(io.cucumber.testng.PickleWrapper,io.cucumber.testng.FeatureWrapper)[pri:0, instance:testrunner.runner@4c2bb6e0]" started-at="2023-04-23T15:38:08 PDT" name="runScenario" description="Runs Cucumber Scenarios" data-provider="scenarios" finished-at="2023-04-23T15:38:08 PDT" duration-ms="467" status="PASS">
          <params>
            <param index="0">
              <value>
                <![CDATA["User validates Practice Questions page"]]>
              </value>
            </param>
            <param index="1">
              <value>
                <![CDATA["Array feature"]]>
              </value>
            </param>
          </params>
          <reporter-output>
          </reporter-output>
        </test-method> <!-- runScenario -->
        <test-method signature="runScenario(io.cucumber.testng.PickleWrapper,io.cucumber.testng.FeatureWrapper)[pri:0, instance:testrunner.runner@4c2bb6e0]" started-at="2023-04-23T15:38:08 PDT" name="runScenario" description="Runs Cucumber Scenarios" data-provider="scenarios" finished-at="2023-04-23T15:38:15 PDT" duration-ms="6240" status="FAIL">
          <params>
            <param index="0">
              <value>
                <![CDATA["User validates Search the array page"]]>
              </value>
            </param>
            <param index="1">
              <value>
                <![CDATA["Array feature"]]>
              </value>
            </param>
          </params>
          <exception class="org.junit.ComparisonFailure">
            <message>
              <![CDATA[expected:<[Registration]> but was:<[NumpyNinja]>]]>
            </message>
            <full-stacktrace>
              <![CDATA[org.junit.ComparisonFailure: expected:<[Registration]> but was:<[NumpyNinja]>
at org.junit.Assert.assertEquals(Assert.java:115)
at org.junit.Assert.assertEquals(Assert.java:144)
at stepsdef.arraysteps.user_navigated_to_home_page(arraysteps.java:106)
at ✽.User navigated to home page(file:///C:/Users/Shoban/eclipse-workspace/cucumberproject/src/test/resources/features/array.feature:63)
]]>
            </full-stacktrace>
          </exception> <!-- org.junit.ComparisonFailure -->
          <reporter-output>
          </reporter-output>
        </test-method> <!-- runScenario -->
        <test-method is-config="true" signature="tearDownClass()[pri:0, instance:testrunner.runner@4c2bb6e0]" started-at="2023-04-23T15:38:15 PDT" name="tearDownClass" finished-at="2023-04-23T15:38:19 PDT" duration-ms="4100" status="PASS">
          <reporter-output>
          </reporter-output>
        </test-method> <!-- tearDownClass -->
      </class> <!-- testrunner.runner -->
    </test> <!-- Default test -->
  </suite> <!-- Default suite -->
</testng-results>
