<?xml version="1.0" encoding="UTF-8"?>
<!-- Generated by org.testng.reporters.JUnitReportReporter -->
<testsuite hostname="DESKTOP-H8U33OQ" failures="1" tests="9" name="testrunner.runner" time="45.478" errors="0" timestamp="2023-04-23T15:38:19 PDT" skipped="0">
  <testcase classname="testrunner.runner" name="runScenario" time="4.840"/>
  <system-out/>
  <testcase classname="testrunner.runner" name="runScenario" time="9.737"/>
  <system-out/>
  <testcase classname="testrunner.runner" name="runScenario" time="4.363"/>
  <system-out/>
  <testcase classname="testrunner.runner" name="runScenario" time="6.563"/>
  <system-out/>
  <testcase classname="testrunner.runner" name="runScenario" time="4.577"/>
  <system-out/>
  <testcase classname="testrunner.runner" name="runScenario" time="6.240">
    <failure message="expected:&lt;[Registration]&gt; but was:&lt;[NumpyNinja]&gt;" type="org.junit.ComparisonFailure">
      <![CDATA[org.junit.ComparisonFailure: expected:<[Registration]> but was:<[NumpyNinja]>
at org.junit.Assert.assertEquals(Assert.java:115)
at org.junit.Assert.assertEquals(Assert.java:144)
at stepsdef.arraysteps.user_navigated_to_home_page(arraysteps.java:106)
at ✽.User navigated to home page(file:///C:/Users/Shoban/eclipse-workspace/cucumberproject/src/test/resources/features/array.feature:63)
]]>
    </failure>
  </testcase> <!-- runScenario -->
  <system-out/>
  <testcase classname="testrunner.runner" name="runScenario" time="4.699"/>
  <system-out/>
  <testcase classname="testrunner.runner" name="runScenario" time="0.467"/>
  <system-out/>
  <testcase classname="testrunner.runner" name="runScenario" time="3.992"/>
  <system-out/>
</testsuite> <!-- testrunner.runner -->
